2014-04-17 14:16:27,110 - The version of log4j being used does not support the "trace" level.
2014-04-17 14:16:27,110 - Initializing Velocity, Calling init()...
2014-04-17 14:16:27,110 - *******************************************************************
2014-04-17 14:16:27,111 - Starting Apache Velocity v1.7 (compiled: 2010-11-19 12:14:37)
2014-04-17 14:16:27,111 - RuntimeInstance initializing.
2014-04-17 14:16:27,111 - Default Properties File: org\apache\velocity\runtime\defaults\velocity.properties
2014-04-17 14:16:27,111 - Trying to use logger class org.apache.velocity.runtime.log.AvalonLogChute
2014-04-17 14:16:27,111 - Target log system for org.apache.velocity.runtime.log.AvalonLogChute is not available (java.lang.NoClassDefFoundError: org/apache/log/format/Formatter).  Falling back to next log system...
2014-04-17 14:16:27,111 - Trying to use logger class org.apache.velocity.runtime.log.Log4JLogChute
2014-04-17 14:16:27,111 - Using logger class org.apache.velocity.runtime.log.Log4JLogChute
2014-04-17 14:16:27,113 - Default ResourceManager initializing. (class org.apache.velocity.runtime.resource.ResourceManagerImpl)
2014-04-17 14:16:27,115 - ResourceLoader instantiated: org.apache.velocity.runtime.resource.loader.FileResourceLoader
2014-04-17 14:16:27,116 - FileResourceLoader : initialization starting.
2014-04-17 14:16:27,116 - Do unicode file recognition:  false
2014-04-17 14:16:27,116 - FileResourceLoader : adding path '.'
2014-04-17 14:16:27,116 - FileResourceLoader : initialization complete.
2014-04-17 14:16:27,126 - ResourceCache: initialized (class org.apache.velocity.runtime.resource.ResourceCacheImpl) with class java.util.Collections$SynchronizedMap cache map.
2014-04-17 14:16:27,126 - Default ResourceManager initialization complete.
2014-04-17 14:16:27,127 - Loaded System Directive: org.apache.velocity.runtime.directive.Stop
2014-04-17 14:16:27,129 - Loaded System Directive: org.apache.velocity.runtime.directive.Define
2014-04-17 14:16:27,129 - Loaded System Directive: org.apache.velocity.runtime.directive.Break
2014-04-17 14:16:27,130 - Loaded System Directive: org.apache.velocity.runtime.directive.Evaluate
2014-04-17 14:16:27,131 - Loaded System Directive: org.apache.velocity.runtime.directive.Literal
2014-04-17 14:16:27,132 - Loaded System Directive: org.apache.velocity.runtime.directive.Macro
2014-04-17 14:16:27,133 - Loaded System Directive: org.apache.velocity.runtime.directive.Parse
2014-04-17 14:16:27,134 - Loaded System Directive: org.apache.velocity.runtime.directive.Include
2014-04-17 14:16:27,135 - Loaded System Directive: org.apache.velocity.runtime.directive.Foreach
2014-04-17 14:16:27,169 - Created '20' parsers.
2014-04-17 14:16:27,175 - Velocimacro : initialization starting.
2014-04-17 14:16:27,175 - Velocimacro : "velocimacro.library" is not set.  Trying default library: VM_global_library.vm
2014-04-17 14:16:27,175 - Velocimacro : Default library not found.
2014-04-17 14:16:27,175 - Velocimacro : allowInline = true : VMs can be defined inline in templates
2014-04-17 14:16:27,175 - Velocimacro : allowInlineToOverride = false : VMs defined inline may NOT replace previous VM definitions
2014-04-17 14:16:27,175 - Velocimacro : allowInlineLocal = false : VMs defined inline will be global in scope if allowed.
2014-04-17 14:16:27,175 - Velocimacro : autoload off : VM system will not automatically reload global library macros
2014-04-17 14:16:27,175 - Velocimacro : Velocimacro : initialization complete.
2014-04-17 14:16:27,175 - RuntimeInstance successfully initialized.
2014-04-17 14:16:27,442 - Log4JLogChute initialized using file 'velocity.log'
2014-04-17 14:16:27,442 - The version of log4j being used does not support the "trace" level.
2014-04-17 14:16:27,442 - Initializing Velocity, Calling init()...
2014-04-17 14:16:27,442 - *******************************************************************
2014-04-17 14:16:27,442 - Starting Apache Velocity v1.7 (compiled: 2010-11-19 12:14:37)
2014-04-17 14:16:27,443 - RuntimeInstance initializing.
2014-04-17 14:16:27,443 - Default Properties File: org\apache\velocity\runtime\defaults\velocity.properties
2014-04-17 14:16:27,443 - Trying to use logger class org.apache.velocity.runtime.log.AvalonLogChute
2014-04-17 14:16:27,443 - Target log system for org.apache.velocity.runtime.log.AvalonLogChute is not available (java.lang.NoClassDefFoundError: org/apache/log/format/Formatter).  Falling back to next log system...
2014-04-17 14:16:27,443 - Trying to use logger class org.apache.velocity.runtime.log.Log4JLogChute
2014-04-17 14:16:27,443 - Using logger class org.apache.velocity.runtime.log.Log4JLogChute
2014-04-17 14:16:27,444 - Default ResourceManager initializing. (class org.apache.velocity.runtime.resource.ResourceManagerImpl)
2014-04-17 14:16:27,444 - ResourceLoader instantiated: org.apache.velocity.runtime.resource.loader.FileResourceLoader
2014-04-17 14:16:27,446 - FileResourceLoader : initialization starting.
2014-04-17 14:16:27,447 - Do unicode file recognition:  false
2014-04-17 14:16:27,447 - FileResourceLoader : adding path '.'
2014-04-17 14:16:27,447 - FileResourceLoader : initialization complete.
2014-04-17 14:16:27,448 - ResourceLoader instantiated: org.apache.velocity.runtime.resource.loader.ClasspathResourceLoader
2014-04-17 14:16:27,449 - ClasspathResourceLoader : initialization complete.
2014-04-17 14:16:27,449 - ResourceCache: initialized (class org.apache.velocity.runtime.resource.ResourceCacheImpl) with class java.util.Collections$SynchronizedMap cache map.
2014-04-17 14:16:27,449 - Default ResourceManager initialization complete.
2014-04-17 14:16:27,451 - Loaded System Directive: org.apache.velocity.runtime.directive.Stop
2014-04-17 14:16:27,451 - Loaded System Directive: org.apache.velocity.runtime.directive.Define
2014-04-17 14:16:27,452 - Loaded System Directive: org.apache.velocity.runtime.directive.Break
2014-04-17 14:16:27,452 - Loaded System Directive: org.apache.velocity.runtime.directive.Evaluate
2014-04-17 14:16:27,453 - Loaded System Directive: org.apache.velocity.runtime.directive.Literal
2014-04-17 14:16:27,454 - Loaded System Directive: org.apache.velocity.runtime.directive.Macro
2014-04-17 14:16:27,454 - Loaded System Directive: org.apache.velocity.runtime.directive.Parse
2014-04-17 14:16:27,455 - Loaded System Directive: org.apache.velocity.runtime.directive.Include
2014-04-17 14:16:27,455 - Loaded System Directive: org.apache.velocity.runtime.directive.Foreach
2014-04-17 14:16:27,457 - Created '20' parsers.
2014-04-17 14:16:27,458 - Velocimacro : initialization starting.
2014-04-17 14:16:27,458 - Velocimacro : "velocimacro.library" is not set.  Trying default library: VM_global_library.vm
2014-04-17 14:16:27,460 - Could not load resource 'VM_global_library.vm' from ResourceLoader org.apache.velocity.runtime.resource.loader.ClasspathResourceLoader: ClasspathResourceLoader Error: cannot find resource VM_global_library.vm
2014-04-17 14:16:27,460 - Velocimacro : Default library not found.
2014-04-17 14:16:27,460 - Velocimacro : allowInline = true : VMs can be defined inline in templates
2014-04-17 14:16:27,460 - Velocimacro : allowInlineToOverride = false : VMs defined inline may NOT replace previous VM definitions
2014-04-17 14:16:27,460 - Velocimacro : allowInlineLocal = false : VMs defined inline will be global in scope if allowed.
2014-04-17 14:16:27,460 - Velocimacro : autoload off : VM system will not automatically reload global library macros
2014-04-17 14:16:27,460 - Velocimacro : Velocimacro : initialization complete.
2014-04-17 14:16:27,460 - RuntimeInstance successfully initialized.
2014-04-17 14:16:27,468 - ResourceManager : found /yajco/fle/generator/templates/imports/Imports.vsl with loader org.apache.velocity.runtime.resource.loader.ClasspathResourceLoader
2014-04-17 14:16:27,472 - ResourceManager : found /yajco/fle/generator/templates/body/ConcreteConcept.vsl with loader org.apache.velocity.runtime.resource.loader.ClasspathResourceLoader
2014-04-17 14:16:27,474 - ResourceManager : found /yajco/fle/generator/templates/body/properties/declarations/ListProperty.vsl with loader org.apache.velocity.runtime.resource.loader.ClasspathResourceLoader
2014-04-17 14:16:27,477 - ResourceManager : found /yajco/fle/generator/templates/body/properties/declarations/ListProperty.vsl with loader org.apache.velocity.runtime.resource.loader.ClasspathResourceLoader
2014-04-17 14:16:27,479 - ResourceManager : found /yajco/fle/generator/templates/body/properties/ConceptPanelConstructor.vsl with loader org.apache.velocity.runtime.resource.loader.ClasspathResourceLoader
2014-04-17 14:16:27,484 - ResourceManager : found /yajco/fle/generator/templates/body/properties/PanelAccessorImplementation.vsl with loader org.apache.velocity.runtime.resource.loader.ClasspathResourceLoader
2014-04-17 14:16:27,498 - ResourceManager : found /yajco/fle/generator/templates/imports/Imports.vsl with loader org.apache.velocity.runtime.resource.loader.ClasspathResourceLoader
2014-04-17 14:16:27,502 - ResourceManager : found /yajco/fle/generator/templates/body/ConcreteConcept.vsl with loader org.apache.velocity.runtime.resource.loader.ClasspathResourceLoader
2014-04-17 14:16:27,504 - ResourceManager : found /yajco/fle/generator/templates/body/properties/declarations/StringProperty.vsl with loader org.apache.velocity.runtime.resource.loader.ClasspathResourceLoader
2014-04-17 14:16:27,506 - ResourceManager : found /yajco/fle/generator/templates/body/properties/declarations/ListProperty.vsl with loader org.apache.velocity.runtime.resource.loader.ClasspathResourceLoader
2014-04-17 14:16:27,508 - ResourceManager : found /yajco/fle/generator/templates/body/properties/ConceptPanelConstructor.vsl with loader org.apache.velocity.runtime.resource.loader.ClasspathResourceLoader
2014-04-17 14:16:27,513 - ResourceManager : found /yajco/fle/generator/templates/body/properties/PanelAccessorImplementation.vsl with loader org.apache.velocity.runtime.resource.loader.ClasspathResourceLoader
2014-04-17 14:16:27,540 - ResourceManager : found /yajco/fle/generator/templates/imports/Imports.vsl with loader org.apache.velocity.runtime.resource.loader.ClasspathResourceLoader
2014-04-17 14:16:27,545 - ResourceManager : found /yajco/fle/generator/templates/body/ConcreteConcept.vsl with loader org.apache.velocity.runtime.resource.loader.ClasspathResourceLoader
2014-04-17 14:16:27,546 - ResourceManager : found /yajco/fle/generator/templates/body/properties/declarations/StringProperty.vsl with loader org.apache.velocity.runtime.resource.loader.ClasspathResourceLoader
2014-04-17 14:16:27,548 - ResourceManager : found /yajco/fle/generator/templates/body/properties/declarations/EnumProperty.vsl with loader org.apache.velocity.runtime.resource.loader.ClasspathResourceLoader
2014-04-17 14:16:27,549 - ResourceManager : found /yajco/fle/generator/templates/body/properties/declarations/ListProperty.vsl with loader org.apache.velocity.runtime.resource.loader.ClasspathResourceLoader
2014-04-17 14:16:27,551 - ResourceManager : found /yajco/fle/generator/templates/body/properties/ConceptPanelConstructor.vsl with loader org.apache.velocity.runtime.resource.loader.ClasspathResourceLoader
2014-04-17 14:16:27,554 - ResourceManager : found /yajco/fle/generator/templates/body/properties/PanelAccessorImplementation.vsl with loader org.apache.velocity.runtime.resource.loader.ClasspathResourceLoader
2014-04-17 14:16:27,561 - ResourceManager : found /yajco/fle/generator/templates/imports/Imports.vsl with loader org.apache.velocity.runtime.resource.loader.ClasspathResourceLoader
2014-04-17 14:16:27,564 - ResourceManager : found /yajco/fle/generator/templates/body/AbstractConcept.vsl with loader org.apache.velocity.runtime.resource.loader.ClasspathResourceLoader
2014-04-17 14:16:27,573 - ResourceManager : found /yajco/fle/generator/templates/imports/Imports.vsl with loader org.apache.velocity.runtime.resource.loader.ClasspathResourceLoader
2014-04-17 14:16:27,576 - ResourceManager : found /yajco/fle/generator/templates/body/ConcreteConcept.vsl with loader org.apache.velocity.runtime.resource.loader.ClasspathResourceLoader
2014-04-17 14:16:27,577 - ResourceManager : found /yajco/fle/generator/templates/body/properties/declarations/StringProperty.vsl with loader org.apache.velocity.runtime.resource.loader.ClasspathResourceLoader
2014-04-17 14:16:27,579 - ResourceManager : found /yajco/fle/generator/templates/body/properties/ConceptPanelConstructor.vsl with loader org.apache.velocity.runtime.resource.loader.ClasspathResourceLoader
2014-04-17 14:16:27,583 - ResourceManager : found /yajco/fle/generator/templates/body/properties/PanelAccessorImplementation.vsl with loader org.apache.velocity.runtime.resource.loader.ClasspathResourceLoader
2014-04-17 14:16:27,597 - ResourceManager : found /yajco/fle/generator/templates/imports/Imports.vsl with loader org.apache.velocity.runtime.resource.loader.ClasspathResourceLoader
2014-04-17 14:16:27,600 - ResourceManager : found /yajco/fle/generator/templates/body/ConcreteConcept.vsl with loader org.apache.velocity.runtime.resource.loader.ClasspathResourceLoader
2014-04-17 14:16:27,602 - ResourceManager : found /yajco/fle/generator/templates/body/properties/ConceptPanelConstructor.vsl with loader org.apache.velocity.runtime.resource.loader.ClasspathResourceLoader
2014-04-17 14:16:27,605 - ResourceManager : found /yajco/fle/generator/templates/body/properties/PanelAccessorImplementation.vsl with loader org.apache.velocity.runtime.resource.loader.ClasspathResourceLoader
2014-04-17 14:16:27,612 - ResourceManager : found /yajco/fle/generator/templates/imports/Imports.vsl with loader org.apache.velocity.runtime.resource.loader.ClasspathResourceLoader
2014-04-17 14:16:27,614 - ResourceManager : found /yajco/fle/generator/templates/body/ConcreteConcept.vsl with loader org.apache.velocity.runtime.resource.loader.ClasspathResourceLoader
2014-04-17 14:16:27,616 - ResourceManager : found /yajco/fle/generator/templates/body/properties/declarations/IntegerProperty.vsl with loader org.apache.velocity.runtime.resource.loader.ClasspathResourceLoader
2014-04-17 14:16:27,617 - ResourceManager : found /yajco/fle/generator/templates/body/properties/declarations/IntegerProperty.vsl with loader org.apache.velocity.runtime.resource.loader.ClasspathResourceLoader
2014-04-17 14:16:27,619 - ResourceManager : found /yajco/fle/generator/templates/body/properties/ConceptPanelConstructor.vsl with loader org.apache.velocity.runtime.resource.loader.ClasspathResourceLoader
2014-04-17 14:16:27,622 - ResourceManager : found /yajco/fle/generator/templates/body/properties/PanelAccessorImplementation.vsl with loader org.apache.velocity.runtime.resource.loader.ClasspathResourceLoader
2014-04-17 14:16:27,629 - ResourceManager : found /yajco/fle/generator/templates/imports/Imports.vsl with loader org.apache.velocity.runtime.resource.loader.ClasspathResourceLoader
2014-04-17 14:16:27,633 - ResourceManager : found /yajco/fle/generator/templates/body/ConcreteConcept.vsl with loader org.apache.velocity.runtime.resource.loader.ClasspathResourceLoader
2014-04-17 14:16:27,634 - ResourceManager : found /yajco/fle/generator/templates/body/properties/declarations/IntegerProperty.vsl with loader org.apache.velocity.runtime.resource.loader.ClasspathResourceLoader
2014-04-17 14:16:27,636 - ResourceManager : found /yajco/fle/generator/templates/body/properties/declarations/IntegerProperty.vsl with loader org.apache.velocity.runtime.resource.loader.ClasspathResourceLoader
2014-04-17 14:16:27,637 - ResourceManager : found /yajco/fle/generator/templates/body/properties/ConceptPanelConstructor.vsl with loader org.apache.velocity.runtime.resource.loader.ClasspathResourceLoader
2014-04-17 14:16:27,642 - ResourceManager : found /yajco/fle/generator/templates/body/properties/PanelAccessorImplementation.vsl with loader org.apache.velocity.runtime.resource.loader.ClasspathResourceLoader
2014-04-17 14:16:27,654 - ResourceManager : found /yajco/fle/generator/templates/imports/Imports.vsl with loader org.apache.velocity.runtime.resource.loader.ClasspathResourceLoader
2014-04-17 14:16:27,658 - ResourceManager : found /yajco/fle/generator/templates/body/ConcreteConcept.vsl with loader org.apache.velocity.runtime.resource.loader.ClasspathResourceLoader
2014-04-17 14:16:27,660 - ResourceManager : found /yajco/fle/generator/templates/body/properties/declarations/ReferenceProperty.vsl with loader org.apache.velocity.runtime.resource.loader.ClasspathResourceLoader
2014-04-17 14:16:27,662 - ResourceManager : found /yajco/fle/generator/templates/body/properties/declarations/ReferenceProperty.vsl with loader org.apache.velocity.runtime.resource.loader.ClasspathResourceLoader
2014-04-17 14:16:27,664 - ResourceManager : found /yajco/fle/generator/templates/body/properties/ConceptPanelConstructor.vsl with loader org.apache.velocity.runtime.resource.loader.ClasspathResourceLoader
2014-04-17 14:16:27,667 - ResourceManager : found /yajco/fle/generator/templates/body/properties/PanelAccessorImplementation.vsl with loader org.apache.velocity.runtime.resource.loader.ClasspathResourceLoader
.ClasspathResourceLoader
2014-04-17 14:16:27,667 - ResourceManager : found /yajco/fle/generator/templates/body/properties/PanelAccessorImplementation.vsl with loader org.apache.velocity.runtime.resource.loader.ClasspathResourceLoader
