2014-04-16 10:43:38,102 - Created '20' parsers.
2014-04-16 10:43:38,108 - Velocimacro : initialization starting.
2014-04-16 10:43:38,108 - Velocimacro : "velocimacro.library" is not set.  Trying default library: VM_global_library.vm
2014-04-16 10:43:38,108 - Velocimacro : Default library not found.
2014-04-16 10:43:38,108 - Velocimacro : allowInline = true : VMs can be defined inline in templates
2014-04-16 10:43:38,108 - Velocimacro : allowInlineToOverride = false : VMs defined inline may NOT replace previous VM definitions
2014-04-16 10:43:38,108 - Velocimacro : allowInlineLocal = false : VMs defined inline will be global in scope if allowed.
2014-04-16 10:43:38,108 - Velocimacro : autoload off : VM system will not automatically reload global library macros
2014-04-16 10:43:38,108 - Velocimacro : Velocimacro : initialization complete.
2014-04-16 10:43:38,108 - RuntimeInstance successfully initialized.
2014-04-16 10:43:38,126 - ResourceManager : found /src/main/resources/yajco/fle/generator/templates/imports/Imports.vsl with loader org.apache.velocity.runtime.resource.loader.FileResourceLoader
2014-04-16 10:43:38,140 - ResourceManager : found /src/main/resources/yajco/fle/generator/templates/imports/panels/ListProperty.vsl with loader org.apache.velocity.runtime.resource.loader.FileResourceLoader
2014-04-16 10:43:38,141 - ResourceManager : found /src/main/resources/yajco/fle/generator/templates/imports/panels/StringProperty.vsl with loader org.apache.velocity.runtime.resource.loader.FileResourceLoader
2014-04-16 10:43:38,142 - ResourceManager : found /src/main/resources/yajco/fle/generator/templates/body/ConcreteConcept.vsl with loader org.apache.velocity.runtime.resource.loader.FileResourceLoader
2014-04-16 10:43:38,143 - ResourceManager : found /src/main/resources/yajco/fle/generator/templates/body/properties/declarations/StringProperty.vsl with loader org.apache.velocity.runtime.resource.loader.FileResourceLoader
2014-04-16 10:43:38,144 - ResourceManager : found /src/main/resources/yajco/fle/generator/templates/body/properties/declarations/ListProperty.vsl with loader org.apache.velocity.runtime.resource.loader.FileResourceLoader
2014-04-16 10:43:38,145 - Null reference [template '/src/main/resources/yajco/fle/generator/templates/body/properties/declarations/ListProperty.vsl', line 2, column 55] : ${property.concept.name} cannot be resolved.
2014-04-16 10:43:38,145 - Null reference [template '/src/main/resources/yajco/fle/generator/templates/body/properties/declarations/ListProperty.vsl', line 2, column 92] : ${property.concept.name} cannot be resolved.
2014-04-16 10:43:38,151 - ResourceManager : found /src/main/resources/yajco/fle/generator/templates/imports/Imports.vsl with loader org.apache.velocity.runtime.resource.loader.FileResourceLoader
2014-04-16 10:43:38,151 - ResourceManager : found /src/main/resources/yajco/fle/generator/templates/imports/panels/StringProperty.vsl with loader org.apache.velocity.runtime.resource.loader.FileResourceLoader
2014-04-16 10:43:38,152 - ResourceManager : found /src/main/resources/yajco/fle/generator/templates/imports/panels/ConceptProperty.vsl with loader org.apache.velocity.runtime.resource.loader.FileResourceLoader
2014-04-16 10:43:38,153 - ResourceManager : found /src/main/resources/yajco/fle/generator/templates/body/ConcreteConcept.vsl with loader org.apache.velocity.runtime.resource.loader.FileResourceLoader
2014-04-16 10:43:38,154 - ResourceManager : found /src/main/resources/yajco/fle/generator/templates/body/properties/declarations/StringProperty.vsl with loader org.apache.velocity.runtime.resource.loader.FileResourceLoader
2014-04-16 10:43:38,155 - ResourceManager : found /src/main/resources/yajco/fle/generator/templates/body/properties/declarations/ConceptProperty.vsl with loader org.apache.velocity.runtime.resource.loader.FileResourceLoader
2014-04-16 10:43:38,162 - ResourceManager : found /src/main/resources/yajco/fle/generator/templates/imports/Imports.vsl with loader org.apache.velocity.runtime.resource.loader.FileResourceLoader
2014-04-16 10:43:38,162 - ResourceManager : found /src/main/resources/yajco/fle/generator/templates/imports/panels/IntegerProperty.vsl with loader org.apache.velocity.runtime.resource.loader.FileResourceLoader
2014-04-16 10:43:38,164 - ResourceManager : found /src/main/resources/yajco/fle/generator/templates/body/ConcreteConcept.vsl with loader org.apache.velocity.runtime.resource.loader.FileResourceLoader
2014-04-16 10:43:38,167 - ResourceManager : found /src/main/resources/yajco/fle/generator/templates/body/properties/declarations/IntegerProperty.vsl with loader org.apache.velocity.runtime.resource.loader.FileResourceLoader
2014-04-16 10:43:38,168 - ResourceManager : found /src/main/resources/yajco/fle/generator/templates/body/properties/declarations/IntegerProperty.vsl with loader org.apache.velocity.runtime.resource.loader.FileResourceLoader
2014-04-16 10:53:56,646 - Log4JLogChute initialized using file 'velocity.log'
2014-04-16 10:53:56,646 - The version of log4j being used does not support the "trace" level.
2014-04-16 10:53:56,647 - Initializing Velocity, Calling init()...
2014-04-16 10:53:56,647 - *******************************************************************
2014-04-16 10:53:56,647 - Starting Apache Velocity v1.7 (compiled: 2010-11-19 12:14:37)
2014-04-16 10:53:56,647 - RuntimeInstance initializing.
2014-04-16 10:53:56,647 - Default Properties File: org\apache\velocity\runtime\defaults\velocity.properties
2014-04-16 10:53:56,647 - Trying to use logger class org.apache.velocity.runtime.log.AvalonLogChute
2014-04-16 10:53:56,647 - Target log system for org.apache.velocity.runtime.log.AvalonLogChute is not available (java.lang.NoClassDefFoundError: org/apache/log/format/Formatter).  Falling back to next log system...
2014-04-16 10:53:56,647 - Trying to use logger class org.apache.velocity.runtime.log.Log4JLogChute
2014-04-16 10:53:56,647 - Using logger class org.apache.velocity.runtime.log.Log4JLogChute
2014-04-16 10:53:56,648 - Default ResourceManager initializing. (class org.apache.velocity.runtime.resource.ResourceManagerImpl)
2014-04-16 10:53:56,651 - ResourceLoader instantiated: org.apache.velocity.runtime.resource.loader.FileResourceLoader
2014-04-16 10:53:56,652 - FileResourceLoader : initialization starting.
2014-04-16 10:53:56,652 - Do unicode file recognition:  false
2014-04-16 10:53:56,652 - FileResourceLoader : adding path '.'
2014-04-16 10:53:56,652 - FileResourceLoader : initialization complete.
2014-04-16 10:53:56,665 - ResourceCache: initialized (class org.apache.velocity.runtime.resource.ResourceCacheImpl) with class java.util.Collections$SynchronizedMap cache map.
2014-04-16 10:53:56,665 - Default ResourceManager initialization complete.
2014-04-16 10:53:56,667 - Loaded System Directive: org.apache.velocity.runtime.directive.Stop
2014-04-16 10:53:56,668 - Loaded System Directive: org.apache.velocity.runtime.directive.Define
2014-04-16 10:53:56,668 - Loaded System Directive: org.apache.velocity.runtime.directive.Break
2014-04-16 10:53:56,669 - Loaded System Directive: org.apache.velocity.runtime.directive.Evaluate
2014-04-16 10:53:56,669 - Loaded System Directive: org.apache.velocity.runtime.directive.Literal
2014-04-16 10:53:56,670 - Loaded System Directive: org.apache.velocity.runtime.directive.Macro
2014-04-16 10:53:56,671 - Loaded System Directive: org.apache.velocity.runtime.directive.Parse
2014-04-16 10:53:56,672 - Loaded System Directive: org.apache.velocity.runtime.directive.Include
2014-04-16 10:53:56,673 - Loaded System Directive: org.apache.velocity.runtime.directive.Foreach
2014-04-16 10:53:56,697 - Created '20' parsers.
2014-04-16 10:53:56,703 - Velocimacro : initialization starting.
2014-04-16 10:53:56,703 - Velocimacro : "velocimacro.library" is not set.  Trying default library: VM_global_library.vm
2014-04-16 10:53:56,703 - Velocimacro : Default library not found.
2014-04-16 10:53:56,703 - Velocimacro : allowInline = true : VMs can be defined inline in templates
2014-04-16 10:53:56,703 - Velocimacro : allowInlineToOverride = false : VMs defined inline may NOT replace previous VM definitions
2014-04-16 10:53:56,703 - Velocimacro : allowInlineLocal = false : VMs defined inline will be global in scope if allowed.
2014-04-16 10:53:56,703 - Velocimacro : autoload off : VM system will not automatically reload global library macros
2014-04-16 10:53:56,703 - Velocimacro : Velocimacro : initialization complete.
2014-04-16 10:53:56,703 - RuntimeInstance successfully initialized.
2014-04-16 10:53:56,721 - ResourceManager : found /src/main/resources/yajco/fle/generator/templates/imports/Imports.vsl with loader org.apache.velocity.runtime.resource.loader.FileResourceLoader
2014-04-16 10:53:56,730 - ResourceManager : found /src/main/resources/yajco/fle/generator/templates/imports/panels/StringProperty.vsl with loader org.apache.velocity.runtime.resource.loader.FileResourceLoader
2014-04-16 10:53:56,731 - ResourceManager : found /src/main/resources/yajco/fle/generator/templates/imports/panels/ListProperty.vsl with loader org.apache.velocity.runtime.resource.loader.FileResourceLoader
2014-04-16 10:53:56,733 - ResourceManager : found /src/main/resources/yajco/fle/generator/templates/body/ConcreteConcept.vsl with loader org.apache.velocity.runtime.resource.loader.FileResourceLoader
2014-04-16 10:53:56,734 - ResourceManager : found /src/main/resources/yajco/fle/generator/templates/body/properties/declarations/StringProperty.vsl with loader org.apache.velocity.runtime.resource.loader.FileResourceLoader
2014-04-16 10:53:56,735 - ResourceManager : found /src/main/resources/yajco/fle/generator/templates/body/properties/declarations/ListProperty.vsl with loader org.apache.velocity.runtime.resource.loader.FileResourceLoader
2014-04-16 10:53:56,735 - Null reference [template '/src/main/resources/yajco/fle/generator/templates/body/properties/declarations/ListProperty.vsl', line 2, column 55] : ${property.concept.name} cannot be resolved.
2014-04-16 10:53:56,735 - Null reference [template '/src/main/resources/yajco/fle/generator/templates/body/properties/declarations/ListProperty.vsl', line 2, column 92] : ${property.concept.name} cannot be resolved.
2014-04-16 10:53:56,740 - ResourceManager : found /src/main/resources/yajco/fle/generator/templates/imports/Imports.vsl with loader org.apache.velocity.runtime.resource.loader.FileResourceLoader
2014-04-16 10:53:56,741 - ResourceManager : found /src/main/resources/yajco/fle/generator/templates/imports/panels/StringProperty.vsl with loader org.apache.velocity.runtime.resource.loader.FileResourceLoader
2014-04-16 10:53:56,743 - ResourceManager : found /src/main/resources/yajco/fle/generator/templates/imports/panels/ConceptProperty.vsl with loader org.apache.velocity.runtime.resource.loader.FileResourceLoader
2014-04-16 10:53:56,743 - ResourceManager : found /src/main/resources/yajco/fle/generator/templates/body/ConcreteConcept.vsl with loader org.apache.velocity.runtime.resource.loader.FileResourceLoader
2014-04-16 10:53:56,745 - ResourceManager : found /src/main/resources/yajco/fle/generator/templates/body/properties/declarations/StringProperty.vsl with loader org.apache.velocity.runtime.resource.loader.FileResourceLoader
2014-04-16 10:53:56,746 - ResourceManager : found /src/main/resources/yajco/fle/generator/templates/body/properties/declarations/ConceptProperty.vsl with loader org.apache.velocity.runtime.resource.loader.FileResourceLoader
2014-04-16 10:53:56,751 - ResourceManager : found /src/main/resources/yajco/fle/generator/templates/imports/Imports.vsl with loader org.apache.velocity.runtime.resource.loader.FileResourceLoader
2014-04-16 10:53:56,752 - ResourceManager : found /src/main/resources/yajco/fle/generator/templates/imports/panels/IntegerProperty.vsl with loader org.apache.velocity.runtime.resource.loader.FileResourceLoader
2014-04-16 10:53:56,753 - ResourceManager : found /src/main/resources/yajco/fle/generator/templates/body/ConcreteConcept.vsl with loader org.apache.velocity.runtime.resource.loader.FileResourceLoader
2014-04-16 10:53:56,758 - ResourceManager : found /src/main/resources/yajco/fle/generator/templates/body/properties/declarations/IntegerProperty.vsl with loader org.apache.velocity.runtime.resource.loader.FileResourceLoader
2014-04-16 10:53:56,758 - ResourceManager : found /src/main/resources/yajco/fle/generator/templates/body/properties/declarations/IntegerProperty.vsl with loader org.apache.velocity.runtime.resource.loader.FileResourceLoader
2014-04-16 10:56:22,713 - Log4JLogChute initialized using file 'velocity.log'
2014-04-16 10:56:22,714 - The version of log4j being used does not support the "trace" level.
2014-04-16 10:56:22,714 - Initializing Velocity, Calling init()...
2014-04-16 10:56:22,714 - *******************************************************************
2014-04-16 10:56:22,714 - Starting Apache Velocity v1.7 (compiled: 2010-11-19 12:14:37)
2014-04-16 10:56:22,714 - RuntimeInstance initializing.
2014-04-16 10:56:22,714 - Default Properties File: org\apache\velocity\runtime\defaults\velocity.properties
2014-04-16 10:56:22,714 - Trying to use logger class org.apache.velocity.runtime.log.AvalonLogChute
2014-04-16 10:56:22,714 - Target log system for org.apache.velocity.runtime.log.AvalonLogChute is not available (java.lang.NoClassDefFoundError: org/apache/log/format/Formatter).  Falling back to next log system...
2014-04-16 10:56:22,714 - Trying to use logger class org.apache.velocity.runtime.log.Log4JLogChute
2014-04-16 10:56:22,714 - Using logger class org.apache.velocity.runtime.log.Log4JLogChute
2014-04-16 10:56:22,715 - Default ResourceManager initializing. (class org.apache.velocity.runtime.resource.ResourceManagerImpl)
2014-04-16 10:56:22,718 - ResourceLoader instantiated: org.apache.velocity.runtime.resource.loader.FileResourceLoader
2014-04-16 10:56:22,719 - FileResourceLoader : initialization starting.
2014-04-16 10:56:22,719 - Do unicode file recognition:  false
2014-04-16 10:56:22,719 - FileResourceLoader : adding path '.'
2014-04-16 10:56:22,719 - FileResourceLoader : initialization complete.
2014-04-16 10:56:22,730 - ResourceCache: initialized (class org.apache.velocity.runtime.resource.ResourceCacheImpl) with class java.util.Collections$SynchronizedMap cache map.
2014-04-16 10:56:22,730 - Default ResourceManager initialization complete.
2014-04-16 10:56:22,732 - Loaded System Directive: org.apache.velocity.runtime.directive.Stop
2014-04-16 10:56:22,733 - Loaded System Directive: org.apache.velocity.runtime.directive.Define
2014-04-16 10:56:22,733 - Loaded System Directive: org.apache.velocity.runtime.directive.Break
2014-04-16 10:56:22,734 - Loaded System Directive: org.apache.velocity.runtime.directive.Evaluate
2014-04-16 10:56:22,734 - Loaded System Directive: org.apache.velocity.runtime.directive.Literal
2014-04-16 10:56:22,735 - Loaded System Directive: org.apache.velocity.runtime.directive.Macro
2014-04-16 10:56:22,736 - Loaded System Directive: org.apache.velocity.runtime.directive.Parse
2014-04-16 10:56:22,737 - Loaded System Directive: org.apache.velocity.runtime.directive.Include
2014-04-16 10:56:22,738 - Loaded System Directive: org.apache.velocity.runtime.directive.Foreach
2014-04-16 10:56:22,761 - Created '20' parsers.
2014-04-16 10:56:22,767 - Velocimacro : initialization starting.
2014-04-16 10:56:22,767 - Velocimacro : "velocimacro.library" is not set.  Trying default library: VM_global_library.vm
2014-04-16 10:56:22,768 - Velocimacro : Default library not found.
2014-04-16 10:56:22,768 - Velocimacro : allowInline = true : VMs can be defined inline in templates
2014-04-16 10:56:22,768 - Velocimacro : allowInlineToOverride = false : VMs defined inline may NOT replace previous VM definitions
2014-04-16 10:56:22,768 - Velocimacro : allowInlineLocal = false : VMs defined inline will be global in scope if allowed.
2014-04-16 10:56:22,768 - Velocimacro : autoload off : VM system will not automatically reload global library macros
2014-04-16 10:56:22,768 - Velocimacro : Velocimacro : initialization complete.
2014-04-16 10:56:22,768 - RuntimeInstance successfully initialized.
2014-04-16 10:56:22,783 - ResourceManager : found /src/main/resources/yajco/fle/generator/templates/imports/Imports.vsl with loader org.apache.velocity.runtime.resource.loader.FileResourceLoader
2014-04-16 10:56:22,792 - ResourceManager : found /src/main/resources/yajco/fle/generator/templates/imports/panels/ListProperty.vsl with loader org.apache.velocity.runtime.resource.loader.FileResourceLoader
2014-04-16 10:56:22,792 - ResourceManager : found /src/main/resources/yajco/fle/generator/templates/imports/panels/StringProperty.vsl with loader org.apache.velocity.runtime.resource.loader.FileResourceLoader
2014-04-16 10:56:22,794 - ResourceManager : found /src/main/resources/yajco/fle/generator/templates/body/ConcreteConcept.vsl with loader org.apache.velocity.runtime.resource.loader.FileResourceLoader
2014-04-16 10:56:22,795 - ResourceManager : found /src/main/resources/yajco/fle/generator/templates/body/properties/declarations/StringProperty.vsl with loader org.apache.velocity.runtime.resource.loader.FileResourceLoader
2014-04-16 10:56:22,796 - ResourceManager : found /src/main/resources/yajco/fle/generator/templates/body/properties/declarations/ListProperty.vsl with loader org.apache.velocity.runtime.resource.loader.FileResourceLoader
2014-04-16 10:56:22,802 - ResourceManager : found /src/main/resources/yajco/fle/generator/templates/imports/Imports.vsl with loader org.apache.velocity.runtime.resource.loader.FileResourceLoader
2014-04-16 10:56:22,802 - ResourceManager : found /src/main/resources/yajco/fle/generator/templates/imports/panels/ConceptProperty.vsl with loader org.apache.velocity.runtime.resource.loader.FileResourceLoader
2014-04-16 10:56:22,803 - ResourceManager : found /src/main/resources/yajco/fle/generator/templates/imports/panels/StringProperty.vsl with loader org.apache.velocity.runtime.resource.loader.FileResourceLoader
2014-04-16 10:56:22,804 - ResourceManager : found /src/main/resources/yajco/fle/generator/templates/body/ConcreteConcept.vsl with loader org.apache.velocity.runtime.resource.loader.FileResourceLoader
2014-04-16 10:56:22,804 - ResourceManager : found /src/main/resources/yajco/fle/generator/templates/body/properties/declarations/StringProperty.vsl with loader org.apache.velocity.runtime.resource.loader.FileResourceLoader
2014-04-16 10:56:22,805 - ResourceManager : found /src/main/resources/yajco/fle/generator/templates/body/properties/declarations/ConceptProperty.vsl with loader org.apache.velocity.runtime.resource.loader.FileResourceLoader
2014-04-16 10:56:22,845 - ResourceManager : found /src/main/resources/yajco/fle/generator/templates/imports/Imports.vsl with loader org.apache.velocity.runtime.resource.loader.FileResourceLoader
2014-04-16 10:56:22,846 - ResourceManager : found /src/main/resources/yajco/fle/generator/templates/imports/panels/IntegerProperty.vsl with loader org.apache.velocity.runtime.resource.loader.FileResourceLoader
2014-04-16 10:56:22,848 - ResourceManager : found /src/main/resources/yajco/fle/generator/templates/body/ConcreteConcept.vsl with loader org.apache.velocity.runtime.resource.loader.FileResourceLoader
2014-04-16 10:56:22,852 - ResourceManager : found /src/main/resources/yajco/fle/generator/templates/body/properties/declarations/IntegerProperty.vsl with loader org.apache.velocity.runtime.resource.loader.FileResourceLoader
2014-04-16 10:56:22,853 - ResourceManager : found /src/main/resources/yajco/fle/generator/templates/body/properties/declarations/IntegerProperty.vsl with loader org.apache.velocity.runtime.resource.loader.FileResourceLoader
2014-04-16 11:24:38,450 - Log4JLogChute initialized using file 'velocity.log'
2014-04-16 11:24:38,450 - The version of log4j being used does not support the "trace" level.
2014-04-16 11:24:38,451 - Initializing Velocity, Calling init()...
2014-04-16 11:24:38,451 - *******************************************************************
2014-04-16 11:24:38,451 - Starting Apache Velocity v1.7 (compiled: 2010-11-19 12:14:37)
2014-04-16 11:24:38,451 - RuntimeInstance initializing.
2014-04-16 11:24:38,451 - Default Properties File: org\apache\velocity\runtime\defaults\velocity.properties
2014-04-16 11:24:38,451 - Trying to use logger class org.apache.velocity.runtime.log.AvalonLogChute
2014-04-16 11:24:38,451 - Target log system for org.apache.velocity.runtime.log.AvalonLogChute is not available (java.lang.NoClassDefFoundError: org/apache/log/format/Formatter).  Falling back to next log system...
2014-04-16 11:24:38,451 - Trying to use logger class org.apache.velocity.runtime.log.Log4JLogChute
2014-04-16 11:24:38,451 - Using logger class org.apache.velocity.runtime.log.Log4JLogChute
2014-04-16 11:24:38,452 - Default ResourceManager initializing. (class org.apache.velocity.runtime.resource.ResourceManagerImpl)
2014-04-16 11:24:38,455 - ResourceLoader instantiated: org.apache.velocity.runtime.resource.loader.FileResourceLoader
2014-04-16 11:24:38,456 - FileResourceLoader : initialization starting.
2014-04-16 11:24:38,456 - Do unicode file recognition:  false
2014-04-16 11:24:38,456 - FileResourceLoader : adding path '.'
2014-04-16 11:24:38,456 - FileResourceLoader : initialization complete.
2014-04-16 11:24:38,468 - ResourceCache: initialized (class org.apache.velocity.runtime.resource.ResourceCacheImpl) with class java.util.Collections$SynchronizedMap cache map.
2014-04-16 11:24:38,468 - Default ResourceManager initialization complete.
2014-04-16 11:24:38,469 - Loaded System Directive: org.apache.velocity.runtime.directive.Stop
2014-04-16 11:24:38,470 - Loaded System Directive: org.apache.velocity.runtime.directive.Define
2014-04-16 11:24:38,471 - Loaded System Directive: org.apache.velocity.runtime.directive.Break
2014-04-16 11:24:38,471 - Loaded System Directive: org.apache.velocity.runtime.directive.Evaluate
2014-04-16 11:24:38,472 - Loaded System Directive: org.apache.velocity.runtime.directive.Literal
2014-04-16 11:24:38,472 - Loaded System Directive: org.apache.velocity.runtime.directive.Macro
2014-04-16 11:24:38,473 - Loaded System Directive: org.apache.velocity.runtime.directive.Parse
2014-04-16 11:24:38,475 - Loaded System Directive: org.apache.velocity.runtime.directive.Include
2014-04-16 11:24:38,475 - Loaded System Directive: org.apache.velocity.runtime.directive.Foreach
2014-04-16 11:24:38,502 - Created '20' parsers.
2014-04-16 11:24:38,508 - Velocimacro : initialization starting.
2014-04-16 11:24:38,508 - Velocimacro : "velocimacro.library" is not set.  Trying default library: VM_global_library.vm
2014-04-16 11:24:38,508 - Velocimacro : Default library not found.
2014-04-16 11:24:38,508 - Velocimacro : allowInline = true : VMs can be defined inline in templates
2014-04-16 11:24:38,508 - Velocimacro : allowInlineToOverride = false : VMs defined inline may NOT replace previous VM definitions
2014-04-16 11:24:38,508 - Velocimacro : allowInlineLocal = false : VMs defined inline will be global in scope if allowed.
2014-04-16 11:24:38,508 - Velocimacro : autoload off : VM system will not automatically reload global library macros
2014-04-16 11:24:38,508 - Velocimacro : Velocimacro : initialization complete.
2014-04-16 11:24:38,508 - RuntimeInstance successfully initialized.
2014-04-16 11:24:38,528 - ResourceManager : found /src/main/resources/yajco/fle/generator/templates/imports/Imports.vsl with loader org.apache.velocity.runtime.resource.loader.FileResourceLoader
2014-04-16 11:24:38,536 - ResourceManager : found /src/main/resources/yajco/fle/generator/templates/imports/panels/StringProperty.vsl with loader org.apache.velocity.runtime.resource.loader.FileResourceLoader
2014-04-16 11:24:38,536 - ResourceManager : found /src/main/resources/yajco/fle/generator/templates/imports/panels/ListProperty.vsl with loader org.apache.velocity.runtime.resource.loader.FileResourceLoader
2014-04-16 11:24:38,538 - ResourceManager : found /src/main/resources/yajco/fle/generator/templates/body/ConcreteConcept.vsl with loader org.apache.velocity.runtime.resource.loader.FileResourceLoader
2014-04-16 11:24:38,538 - ResourceManager : found /src/main/resources/yajco/fle/generator/templates/body/properties/declarations/StringProperty.vsl with loader org.apache.velocity.runtime.resource.loader.FileResourceLoader
2014-04-16 11:24:38,540 - ResourceManager : found /src/main/resources/yajco/fle/generator/templates/body/properties/declarations/ListProperty.vsl with loader org.apache.velocity.runtime.resource.loader.FileResourceLoader
2014-04-16 11:24:38,542 - ResourceManager : found /src/main/resources/yajco/fle/generator/templates/body/properties/PanelAccessorImplementation.vsl with loader org.apache.velocity.runtime.resource.loader.FileResourceLoader
2014-04-16 11:24:38,548 - ResourceManager : found /src/main/resources/yajco/fle/generator/templates/imports/Imports.vsl with loader org.apache.velocity.runtime.resource.loader.FileResourceLoader
2014-04-16 11:24:38,549 - ResourceManager : found /src/main/resources/yajco/fle/generator/templates/imports/panels/StringProperty.vsl with loader org.apache.velocity.runtime.resource.loader.FileResourceLoader
2014-04-16 11:24:38,549 - ResourceManager : found /src/main/resources/yajco/fle/generator/templates/imports/panels/ConceptProperty.vsl with loader org.apache.velocity.runtime.resource.loader.FileResourceLoader
2014-04-16 11:24:38,551 - ResourceManager : found /src/main/resources/yajco/fle/generator/templates/body/ConcreteConcept.vsl with loader org.apache.velocity.runtime.resource.loader.FileResourceLoader
2014-04-16 11:24:38,552 - ResourceManager : found /src/main/resources/yajco/fle/generator/templates/body/properties/declarations/StringProperty.vsl with loader org.apache.velocity.runtime.resource.loader.FileResourceLoader
2014-04-16 11:24:38,553 - ResourceManager : found /src/main/resources/yajco/fle/generator/templates/body/properties/declarations/ConceptProperty.vsl with loader org.apache.velocity.runtime.resource.loader.FileResourceLoader
2014-04-16 11:24:38,555 - ResourceManager : found /src/main/resources/yajco/fle/generator/templates/body/properties/PanelAccessorImplementation.vsl with loader org.apache.velocity.runtime.resource.loader.FileResourceLoader
2014-04-16 11:24:38,565 - ResourceManager : found /src/main/resources/yajco/fle/generator/templates/imports/Imports.vsl with loader org.apache.velocity.runtime.resource.loader.FileResourceLoader
2014-04-16 11:24:38,566 - ResourceManager : found /src/main/resources/yajco/fle/generator/templates/imports/panels/IntegerProperty.vsl with loader org.apache.velocity.runtime.resource.loader.FileResourceLoader
2014-04-16 11:24:38,569 - ResourceManager : found /src/main/resources/yajco/fle/generator/templates/body/ConcreteConcept.vsl with loader org.apache.velocity.runtime.resource.loader.FileResourceLoader
2014-04-16 11:24:38,570 - ResourceManager : found /src/main/resources/yajco/fle/generator/templates/body/properties/declarations/IntegerProperty.vsl with loader org.apache.velocity.runtime.resource.loader.FileResourceLoader
2014-04-16 11:24:38,571 - ResourceManager : found /src/main/resources/yajco/fle/generator/templates/body/properties/declarations/IntegerProperty.vsl with loader org.apache.velocity.runtime.resource.loader.FileResourceLoader
2014-04-16 11:24:38,573 - ResourceManager : found /src/main/resources/yajco/fle/generator/templates/body/properties/PanelAccessorImplementation.vsl with loader org.apache.velocity.runtime.resource.loader.FileResourceLoader
2014-04-16 11:25:17,697 - Log4JLogChute initialized using file 'velocity.log'
2014-04-16 11:25:17,698 - The version of log4j being used does not support the "trace" level.
2014-04-16 11:25:17,698 - Initializing Velocity, Calling init()...
2014-04-16 11:25:17,698 - *******************************************************************
2014-04-16 11:25:17,698 - Starting Apache Velocity v1.7 (compiled: 2010-11-19 12:14:37)
2014-04-16 11:25:17,698 - RuntimeInstance initializing.
2014-04-16 11:25:17,698 - Default Properties File: org\apache\velocity\runtime\defaults\velocity.properties
2014-04-16 11:25:17,698 - Trying to use logger class org.apache.velocity.runtime.log.AvalonLogChute
2014-04-16 11:25:17,698 - Target log system for org.apache.velocity.runtime.log.AvalonLogChute is not available (java.lang.NoClassDefFoundError: org/apache/log/format/Formatter).  Falling back to next log system...
2014-04-16 11:25:17,698 - Trying to use logger class org.apache.velocity.runtime.log.Log4JLogChute
2014-04-16 11:25:17,698 - Using logger class org.apache.velocity.runtime.log.Log4JLogChute
2014-04-16 11:25:17,699 - Default ResourceManager initializing. (class org.apache.velocity.runtime.resource.ResourceManagerImpl)
2014-04-16 11:25:17,702 - ResourceLoader instantiated: org.apache.velocity.runtime.resource.loader.FileResourceLoader
2014-04-16 11:25:17,703 - FileResourceLoader : initialization starting.
2014-04-16 11:25:17,703 - Do unicode file recognition:  false
2014-04-16 11:25:17,703 - FileResourceLoader : adding path '.'
2014-04-16 11:25:17,703 - FileResourceLoader : initialization complete.
2014-04-16 11:25:17,715 - ResourceCache: initialized (class org.apache.velocity.runtime.resource.ResourceCacheImpl) with class java.util.Collections$SynchronizedMap cache map.
2014-04-16 11:25:17,715 - Default ResourceManager initialization complete.
2014-04-16 11:25:17,717 - Loaded System Directive: org.apache.velocity.runtime.directive.Stop
2014-04-16 11:25:17,718 - Loaded System Directive: org.apache.velocity.runtime.directive.Define
2014-04-16 11:25:17,718 - Loaded System Directive: org.apache.velocity.runtime.directive.Break
2014-04-16 11:25:17,719 - Loaded System Directive: org.apache.velocity.runtime.directive.Evaluate
2014-04-16 11:25:17,719 - Loaded System Directive: org.apache.velocity.runtime.directive.Literal
2014-04-16 11:25:17,720 - Loaded System Directive: org.apache.velocity.runtime.directive.Macro
2014-04-16 11:25:17,721 - Loaded System Directive: org.apache.velocity.runtime.directive.Parse
2014-04-16 11:25:17,722 - Loaded System Directive: org.apache.velocity.runtime.directive.Include
2014-04-16 11:25:17,723 - Loaded System Directive: org.apache.velocity.runtime.directive.Foreach
2014-04-16 11:25:17,748 - Created '20' parsers.
2014-04-16 11:25:17,753 - Velocimacro : initialization starting.
2014-04-16 11:25:17,753 - Velocimacro : "velocimacro.library" is not set.  Trying default library: VM_global_library.vm
2014-04-16 11:25:17,753 - Velocimacro : Default library not found.
2014-04-16 11:25:17,754 - Velocimacro : allowInline = true : VMs can be defined inline in templates
2014-04-16 11:25:17,754 - Velocimacro : allowInlineToOverride = false : VMs defined inline may NOT replace previous VM definitions
2014-04-16 11:25:17,754 - Velocimacro : allowInlineLocal = false : VMs defined inline will be global in scope if allowed.
2014-04-16 11:25:17,754 - Velocimacro : autoload off : VM system will not automatically reload global library macros
2014-04-16 11:25:17,754 - Velocimacro : Velocimacro : initialization complete.
2014-04-16 11:25:17,754 - RuntimeInstance successfully initialized.
2014-04-16 11:25:17,773 - ResourceManager : found /src/main/resources/yajco/fle/generator/templates/imports/Imports.vsl with loader org.apache.velocity.runtime.resource.loader.FileResourceLoader
2014-04-16 11:25:17,780 - ResourceManager : found /src/main/resources/yajco/fle/generator/templates/imports/panels/StringProperty.vsl with loader org.apache.velocity.runtime.resource.loader.FileResourceLoader
2014-04-16 11:25:17,781 - ResourceManager : found /src/main/resources/yajco/fle/generator/templates/imports/panels/ListProperty.vsl with loader org.apache.velocity.runtime.resource.loader.FileResourceLoader
2014-04-16 11:25:17,782 - ResourceManager : found /src/main/resources/yajco/fle/generator/templates/body/ConcreteConcept.vsl with loader org.apache.velocity.runtime.resource.loader.FileResourceLoader
2014-04-16 11:25:17,783 - ResourceManager : found /src/main/resources/yajco/fle/generator/templates/body/properties/declarations/StringProperty.vsl with loader org.apache.velocity.runtime.resource.loader.FileResourceLoader
2014-04-16 11:25:17,784 - ResourceManager : found /src/main/resources/yajco/fle/generator/templates/body/properties/declarations/ListProperty.vsl with loader org.apache.velocity.runtime.resource.loader.FileResourceLoader
2014-04-16 11:25:17,787 - ResourceManager : found /src/main/resources/yajco/fle/generator/templates/body/properties/PanelAccessorImplementation.vsl with loader org.apache.velocity.runtime.resource.loader.FileResourceLoader
2014-04-16 11:25:17,793 - ResourceManager : found /src/main/resources/yajco/fle/generator/templates/imports/Imports.vsl with loader org.apache.velocity.runtime.resource.loader.FileResourceLoader
2014-04-16 11:25:17,794 - ResourceManager : found /src/main/resources/yajco/fle/generator/templates/imports/panels/StringProperty.vsl with loader org.apache.velocity.runtime.resource.loader.FileResourceLoader
2014-04-16 11:25:17,794 - ResourceManager : found /src/main/resources/yajco/fle/generator/templates/imports/panels/ConceptProperty.vsl with loader org.apache.velocity.runtime.resource.loader.FileResourceLoader
2014-04-16 11:25:17,796 - ResourceManager : found /src/main/resources/yajco/fle/generator/templates/body/ConcreteConcept.vsl with loader org.apache.velocity.runtime.resource.loader.FileResourceLoader
2014-04-16 11:25:17,796 - ResourceManager : found /src/main/resources/yajco/fle/generator/templates/body/properties/declarations/StringProperty.vsl with loader org.apache.velocity.runtime.resource.loader.FileResourceLoader
2014-04-16 11:25:17,797 - ResourceManager : found /src/main/resources/yajco/fle/generator/templates/body/properties/declarations/ConceptProperty.vsl with loader org.apache.velocity.runtime.resource.loader.FileResourceLoader
2014-04-16 11:25:17,799 - ResourceManager : found /src/main/resources/yajco/fle/generator/templates/body/properties/PanelAccessorImplementation.vsl with loader org.apache.velocity.runtime.resource.loader.FileResourceLoader
2014-04-16 11:25:17,809 - ResourceManager : found /src/main/resources/yajco/fle/generator/templates/imports/Imports.vsl with loader org.apache.velocity.runtime.resource.loader.FileResourceLoader
2014-04-16 11:25:17,810 - ResourceManager : found /src/main/resources/yajco/fle/generator/templates/imports/panels/IntegerProperty.vsl with loader org.apache.velocity.runtime.resource.loader.FileResourceLoader
2014-04-16 11:25:17,813 - ResourceManager : found /src/main/resources/yajco/fle/generator/templates/body/ConcreteConcept.vsl with loader org.apache.velocity.runtime.resource.loader.FileResourceLoader
2014-04-16 11:25:17,814 - ResourceManager : found /src/main/resources/yajco/fle/generator/templates/body/properties/declarations/IntegerProperty.vsl with loader org.apache.velocity.runtime.resource.loader.FileResourceLoader
2014-04-16 11:25:17,815 - ResourceManager : found /src/main/resources/yajco/fle/generator/templates/body/properties/declarations/IntegerProperty.vsl with loader org.apache.velocity.runtime.resource.loader.FileResourceLoader
2014-04-16 11:25:17,817 - ResourceManager : found /src/main/resources/yajco/fle/generator/templates/body/properties/PanelAccessorImplementation.vsl with loader org.apache.velocity.runtime.resource.loader.FileResourceLoader
